{"checkpoint": "runs/distributed/entity_ppo_hardtarget_smoke_20260701_052955/policy/weights_v1.pt", "devices": ["cuda:0", "cuda:1"], "event": "local_ppo_shards_start", "games": 4, "policy_version": 1, "run_root": "runs/distributed/entity_ppo_hardtarget_smoke_20260701_052955", "workers": 2}
concurrent.futures.process._RemoteTraceback: 
"""
Traceback (most recent call last):
  File "/usr/lib/python3.11/concurrent/futures/process.py", line 261, in _process_worker
    r = call_item.fn(*call_item.args, **call_item.kwargs)
        ^^^^^^^^^^^^^^^^^^^^^^^^^^^^^^^^^^^^^^^^^^^^^^^^^
  File "/home/ubuntu/catan-zero/tools/run_local_entity_ppo_shards.py", line 180, in _worker
    trajectory = collect_ppo_episode(
                 ^^^^^^^^^^^^^^^^^^^^
  File "/home/ubuntu/catan-zero/src/catan_zero/rl/torch_ppo.py", line 752, in collect_ppo_episode
    bootstrap_values = _bootstrap_values(policy, observations, set(players))
                       ^^^^^^^^^^^^^^^^^^^^^^^^^^^^^^^^^^^^^^^^^^^^^^^^^^^^^
  File "/home/ubuntu/catan-zero/src/catan_zero/rl/torch_ppo.py", line 810, in _bootstrap_values
    obs = policy._observation_tensor(observations[player])
          ^^^^^^^^^^^^^^^^^^^^^^^^^^
AttributeError: 'EntityGraphPolicy' object has no attribute '_observation_tensor'
"""

The above exception was the direct cause of the following exception:

Traceback (most recent call last):
  File "/home/ubuntu/catan-zero/tools/run_local_entity_ppo_shards.py", line 227, in <module>
    main()
  File "/home/ubuntu/catan-zero/tools/run_local_entity_ppo_shards.py", line 119, in main
    report = future.result()
             ^^^^^^^^^^^^^^^
  File "/usr/lib/python3.11/concurrent/futures/_base.py", line 449, in result
    return self.__get_result()
           ^^^^^^^^^^^^^^^^^^^
  File "/usr/lib/python3.11/concurrent/futures/_base.py", line 401, in __get_result
    raise self._exception
AttributeError: 'EntityGraphPolicy' object has no attribute '_observation_tensor'
