{"progress": "rust_mcts_game", "game": 0, "seed": 2900, "candidate_color": "BLUE", "opponent_color": "RED", "winner": "RED", "candidate_won": false, "candidate_vp": 3, "opponent_vp": 10, "decisions": 168, "candidate_decisions": 83, "timed_out": false}
{"progress": "rust_mcts_game", "game": 1, "seed": 2901, "candidate_color": "RED", "opponent_color": "BLUE", "winner": "BLUE", "candidate_won": false, "candidate_vp": 2, "opponent_vp": 10, "decisions": 116, "candidate_decisions": 49, "timed_out": false}
{"progress": "rust_mcts_game", "game": 2, "seed": 2902, "candidate_color": "BLUE", "opponent_color": "RED", "winner": "RED", "candidate_won": false, "candidate_vp": 2, "opponent_vp": 10, "decisions": 125, "candidate_decisions": 59, "timed_out": false}
{"progress": "rust_mcts_game", "game": 3, "seed": 2903, "candidate_color": "RED", "opponent_color": "BLUE", "winner": "BLUE", "candidate_won": false, "candidate_vp": 3, "opponent_vp": 10, "decisions": 182, "candidate_decisions": 82, "timed_out": false}
{"progress": "rust_mcts_game", "game": 4, "seed": 2904, "candidate_color": "BLUE", "opponent_color": "RED", "winner": "RED", "candidate_won": false, "candidate_vp": 2, "opponent_vp": 10, "decisions": 187, "candidate_decisions": 77, "timed_out": false}
{"progress": "rust_mcts_game", "game": 5, "seed": 2905, "candidate_color": "RED", "opponent_color": "BLUE", "winner": "BLUE", "candidate_won": false, "candidate_vp": 2, "opponent_vp": 10, "decisions": 139, "candidate_decisions": 52, "timed_out": false}
{"progress": "rust_mcts_game", "game": 6, "seed": 2906, "candidate_color": "BLUE", "opponent_color": "RED", "winner": "RED", "candidate_won": false, "candidate_vp": 2, "opponent_vp": 11, "decisions": 187, "candidate_decisions": 78, "timed_out": false}
{"progress": "rust_mcts_game", "game": 7, "seed": 2907, "candidate_color": "RED", "opponent_color": "BLUE", "winner": "BLUE", "candidate_won": false, "candidate_vp": 2, "opponent_vp": 10, "decisions": 194, "candidate_decisions": 77, "timed_out": false}
{"progress": "rust_mcts_game", "game": 8, "seed": 2908, "candidate_color": "BLUE", "opponent_color": "RED", "winner": "RED", "candidate_won": false, "candidate_vp": 4, "opponent_vp": 10, "decisions": 153, "candidate_decisions": 71, "timed_out": false}
{"progress": "rust_mcts_game", "game": 9, "seed": 2909, "candidate_color": "RED", "opponent_color": "BLUE", "winner": "BLUE", "candidate_won": false, "candidate_vp": 5, "opponent_vp": 10, "decisions": 227, "candidate_decisions": 110, "timed_out": false}
{
  "progress": "rust_mcts_summary",
  "mode": "neural_mcts",
  "checkpoint": "runs/bc/entity_graph_35m_2p10_hq_1000parts_cumulative_shardddp_bs4k_20260629_200420/checkpoint_epoch0002.pt",
  "opponent": "value_function",
  "games": 10,
  "wins": 0,
  "win_rate": 0.0,
  "avg_candidate_vp": 2.7,
  "avg_opponent_vp": 10.1,
  "timeouts": 0,
  "elapsed_sec": 75.61533240199788,
  "games_per_sec": 0.13224831105464777,
  "results": [
    {
      "game": 0,
      "seed": 2900,
      "candidate_color": "BLUE",
      "opponent_color": "RED",
      "winner": "RED",
      "candidate_won": false,
      "candidate_vp": 3,
      "opponent_vp": 10,
      "decisions": 168,
      "candidate_decisions": 83,
      "timed_out": false
    },
    {
      "game": 1,
      "seed": 2901,
      "candidate_color": "RED",
      "opponent_color": "BLUE",
      "winner": "BLUE",
      "candidate_won": false,
      "candidate_vp": 2,
      "opponent_vp": 10,
      "decisions": 116,
      "candidate_decisions": 49,
      "timed_out": false
    },
    {
      "game": 2,
      "seed": 2902,
      "candidate_color": "BLUE",
      "opponent_color": "RED",
      "winner": "RED",
      "candidate_won": false,
      "candidate_vp": 2,
      "opponent_vp": 10,
      "decisions": 125,
      "candidate_decisions": 59,
      "timed_out": false
    },
    {
      "game": 3,
      "seed": 2903,
      "candidate_color": "RED",
      "opponent_color": "BLUE",
      "winner": "BLUE",
      "candidate_won": false,
      "candidate_vp": 3,
      "opponent_vp": 10,
      "decisions": 182,
      "candidate_decisions": 82,
      "timed_out": false
    },
    {
      "game": 4,
      "seed": 2904,
      "candidate_color": "BLUE",
      "opponent_color": "RED",
      "winner": "RED",
      "candidate_won": false,
      "candidate_vp": 2,
      "opponent_vp": 10,
      "decisions": 187,
      "candidate_decisions": 77,
      "timed_out": false
    },
    {
      "game": 5,
      "seed": 2905,
      "candidate_color": "RED",
      "opponent_color": "BLUE",
      "winner": "BLUE",
      "candidate_won": false,
      "candidate_vp": 2,
      "opponent_vp": 10,
      "decisions": 139,
      "candidate_decisions": 52,
      "timed_out": false
    },
    {
      "game": 6,
      "seed": 2906,
      "candidate_color": "BLUE",
      "opponent_color": "RED",
      "winner": "RED",
      "candidate_won": false,
      "candidate_vp": 2,
      "opponent_vp": 11,
      "decisions": 187,
      "candidate_decisions": 78,
      "timed_out": false
    },
    {
      "game": 7,
      "seed": 2907,
      "candidate_color": "RED",
      "opponent_color": "BLUE",
      "winner": "BLUE",
      "candidate_won": false,
      "candidate_vp": 2,
      "opponent_vp": 10,
      "decisions": 194,
      "candidate_decisions": 77,
      "timed_out": false
    },
    {
      "game": 8,
      "seed": 2908,
      "candidate_color": "BLUE",
      "opponent_color": "RED",
      "winner": "RED",
      "candidate_won": false,
      "candidate_vp": 4,
      "opponent_vp": 10,
      "decisions": 153,
      "candidate_decisions": 71,
      "timed_out": false
    },
    {
      "game": 9,
      "seed": 2909,
      "candidate_color": "RED",
      "opponent_color": "BLUE",
      "winner": "BLUE",
      "candidate_won": false,
      "candidate_vp": 5,
      "opponent_vp": 10,
      "decisions": 227,
      "candidate_decisions": 110,
      "timed_out": false
    }
  ]
}
